<?xml version="1.0" encoding="UTF-8"?>
<!-- Generated by org.testng.reporters.JUnitReportReporter -->
<testsuite hostname="Paradise" failures="0" tests="1" name="NewPackage.TC12PageObjectTestNgTest" time="7.808" errors="0" timestamp="2025-08-28T11:50:35 IST" skipped="0">
  <testcase classname="NewPackage.TC12PageObjectTestNgTest" name="f" time="7.808"/>
  <system-out/>
</testsuite> <!-- NewPackage.TC12PageObjectTestNgTest -->
