<?xml version="1.0" encoding="UTF-8"?>
<!-- Generated by org.testng.reporters.JUnitReportReporter -->
<testsuite hostname="Paradise" failures="0" tests="6" name="NewPackage.TC10TestNg" time="100.611" errors="0" timestamp="2025-08-26T14:43:46 IST" skipped="0">
  <testcase classname="NewPackage.TC10TestNg" name="f" time="15.538"/>
  <system-out/>
  <testcase classname="NewPackage.TC10TestNg" name="f" time="14.916"/>
  <system-out/>
  <testcase classname="NewPackage.TC10TestNg" name="f" time="21.421"/>
  <system-out/>
  <testcase classname="NewPackage.TC10TestNg" name="f" time="15.583"/>
  <system-out/>
  <testcase classname="NewPackage.TC10TestNg" name="f" time="18.482"/>
  <system-out/>
  <testcase classname="NewPackage.TC10TestNg" name="f" time="14.671"/>
  <system-out/>
</testsuite> <!-- NewPackage.TC10TestNg -->
