<?xml version="1.0" encoding="UTF-8"?>
<!-- Generated by org.testng.reporters.JUnitReportReporter -->
<testsuite hostname="Paradise" failures="0" tests="3" name="NewPackage.Lab9" time="21.501" errors="0" timestamp="2025-08-28T11:01:19 IST" skipped="0">
  <testcase classname="NewPackage.Lab9" name="lab8Flow" time="14.865"/>
  <system-out/>
  <testcase classname="NewPackage.Lab9" name="lab8Flow" time="3.548"/>
  <system-out/>
  <testcase classname="NewPackage.Lab9" name="lab8Flow" time="3.088"/>
  <system-out/>
</testsuite> <!-- NewPackage.Lab9 -->
