<?xml version="1.0" encoding="UTF-8"?>
<!-- Generated by org.testng.reporters.JUnitReportReporter -->
<testsuite hostname="Paradise" failures="0" tests="1" name="NewPackage.Lab8" time="6.178" errors="0" timestamp="2025-08-26T15:42:44 IST" skipped="0">
  <testcase classname="NewPackage.Lab8" name="lab8Flow" time="6.178"/>
  <system-out/>
</testsuite> <!-- NewPackage.Lab8 -->
