<?xml version="1.0" encoding="UTF-8"?>
<!-- Generated by org.testng.reporters.JUnitReportReporter -->
<testsuite hostname="Paradise" failures="0" tests="6" name="NewPackage.Lab8T4" time="60.904" errors="0" timestamp="2025-08-26T14:14:25 IST" skipped="0">
  <testcase classname="NewPackage.Lab8T4" name="ecommerceTest" time="12.927"/>
  <system-out/>
  <testcase classname="NewPackage.Lab8T4" name="ecommerceTest" time="8.839"/>
  <system-out/>
  <testcase classname="NewPackage.Lab8T4" name="ecommerceTest" time="11.819"/>
  <system-out/>
  <testcase classname="NewPackage.Lab8T4" name="ecommerceTest" time="9.508"/>
  <system-out/>
  <testcase classname="NewPackage.Lab8T4" name="ecommerceTest" time="8.963"/>
  <system-out/>
  <testcase classname="NewPackage.Lab8T4" name="ecommerceTest" time="8.848"/>
  <system-out/>
</testsuite> <!-- NewPackage.Lab8T4 -->
