<?xml version="1.0" encoding="UTF-8"?>
<!-- Generated by org.testng.reporters.JUnitReportReporter -->
<testsuite hostname="Paradise" failures="0" tests="1" name="NewPackage.Lab8L4" time="8.065" errors="0" timestamp="2025-08-26T15:42:44 IST" skipped="0">
  <testcase classname="NewPackage.Lab8L4" name="ecomFlowTest" time="8.065"/>
  <system-out/>
</testsuite> <!-- NewPackage.Lab8L4 -->
