<?xml version="1.0" encoding="UTF-8"?>
<!-- Generated by org.testng.reporters.JUnitReportReporter -->
<testsuite hostname="Paradise" failures="0" tests="4" name="NewPackage.TC11Groups" time="0.013" errors="0" timestamp="2025-08-26T15:32:48 IST" skipped="0">
  <testcase classname="NewPackage.TC11Groups" name="test3" time="0.000"/>
  <system-out/>
  <testcase classname="NewPackage.TC11Groups" name="test4" time="0.002"/>
  <system-out/>
  <testcase classname="NewPackage.TC11Groups" name="test1" time="0.010"/>
  <system-out/>
  <testcase classname="NewPackage.TC11Groups" name="test2" time="0.001"/>
  <system-out/>
</testsuite> <!-- NewPackage.TC11Groups -->
