<?xml version="1.0" encoding="UTF-8"?>
<!-- Generated by org.testng.reporters.JUnitReportReporter -->
<testsuite hostname="Paradise" failures="0" tests="3" name="NewPackage.Lab9" time="14.207" errors="0" timestamp="2025-08-26T17:08:12 IST" skipped="0">
  <testcase classname="NewPackage.Lab9" name="lab8Flow" time="3.356"/>
  <system-out/>
  <testcase classname="NewPackage.Lab9" name="lab8Flow" time="7.570"/>
  <system-out/>
  <testcase classname="NewPackage.Lab9" name="lab8Flow" time="3.281"/>
  <system-out/>
</testsuite> <!-- NewPackage.Lab9 -->
