<?xml version="1.0" encoding="UTF-8"?>
<!-- Generated by org.testng.reporters.JUnitReportReporter -->
<testsuite hostname="Paradise" failures="0" tests="6" name="NewPackage.TC10TestNg2" time="96.360" errors="0" timestamp="2025-08-26T14:43:46 IST" skipped="0">
  <testcase classname="NewPackage.TC10TestNg2" name="f" time="13.139"/>
  <system-out/>
  <testcase classname="NewPackage.TC10TestNg2" name="f" time="17.892"/>
  <system-out/>
  <testcase classname="NewPackage.TC10TestNg2" name="f" time="16.389"/>
  <system-out/>
  <testcase classname="NewPackage.TC10TestNg2" name="f" time="21.460"/>
  <system-out/>
  <testcase classname="NewPackage.TC10TestNg2" name="f" time="16.288"/>
  <system-out/>
  <testcase classname="NewPackage.TC10TestNg2" name="f" time="11.192"/>
  <system-out/>
</testsuite> <!-- NewPackage.TC10TestNg2 -->
