<?xml version="1.0" encoding="UTF-8"?>
<!-- Generated by org.testng.reporters.JUnitReportReporter -->
<testsuite hostname="Paradise" failures="0" tests="1" name="NewPackage.TC15ScreenShot" time="11.568" errors="0" timestamp="2025-08-29T10:40:27 IST" skipped="0">
  <testcase classname="NewPackage.TC15ScreenShot" name="screenshottest" time="11.568"/>
  <system-out/>
</testsuite> <!-- NewPackage.TC15ScreenShot -->
