<?xml version="1.0" encoding="UTF-8"?>
<!-- Generated by org.testng.reporters.JUnitReportReporter -->
<testsuite hostname="Paradise" failures="0" tests="6" name="NewPackage.Lab9L4" time="62.701" errors="0" timestamp="2025-08-28T11:01:19 IST" skipped="0">
  <testcase classname="NewPackage.Lab9L4" name="ecommerceTest" time="8.535"/>
  <system-out/>
  <testcase classname="NewPackage.Lab9L4" name="ecommerceTest" time="8.920"/>
  <system-out/>
  <testcase classname="NewPackage.Lab9L4" name="ecommerceTest" time="10.740"/>
  <system-out/>
  <testcase classname="NewPackage.Lab9L4" name="ecommerceTest" time="8.049"/>
  <system-out/>
  <testcase classname="NewPackage.Lab9L4" name="ecommerceTest" time="12.774"/>
  <system-out/>
  <testcase classname="NewPackage.Lab9L4" name="ecommerceTest" time="13.683"/>
  <system-out/>
</testsuite> <!-- NewPackage.Lab9L4 -->
