<?xml version="1.0" encoding="UTF-8"?>
<!-- Generated by org.testng.reporters.JUnitReportReporter -->
<testsuite hostname="Paradise" failures="0" tests="6" name="NewPackage.Lab9L4" time="67.276" errors="0" timestamp="2025-08-26T17:08:12 IST" skipped="0">
  <testcase classname="NewPackage.Lab9L4" name="ecommerceTest" time="9.135"/>
  <system-out/>
  <testcase classname="NewPackage.Lab9L4" name="ecommerceTest" time="8.558"/>
  <system-out/>
  <testcase classname="NewPackage.Lab9L4" name="ecommerceTest" time="8.396"/>
  <system-out/>
  <testcase classname="NewPackage.Lab9L4" name="ecommerceTest" time="10.936"/>
  <system-out/>
  <testcase classname="NewPackage.Lab9L4" name="ecommerceTest" time="12.307"/>
  <system-out/>
  <testcase classname="NewPackage.Lab9L4" name="ecommerceTest" time="17.944"/>
  <system-out/>
</testsuite> <!-- NewPackage.Lab9L4 -->
